SF:./lib/main.dart
DA:4,0
DA:5,0
DA:10,1
DA:12,1
DA:14,1
DA:28,1
DA:30,1
DA:36,2
DA:49,1
DA:50,1
DA:56,1
DA:57,2
DA:63,2
DA:67,1
DA:70,1
DA:71,2
DA:73,1
DA:74,1
DA:77,3
DA:79,1
DA:82,1
DA:98,1
DA:99,1
DA:102,1
DA:103,2
DA:104,3
DA:109,1
DA:110,1
DA:112,1
LF:29
LH:27
end_of_record
SF:./flutter_module/lib/flutter_module.dart
DA:6,2
LF:1
LH:1
end_of_record
SF:./lib/main.dart
DA:4,0
DA:5,0
DA:10,1
DA:12,1
DA:14,1
DA:28,1
DA:30,1
DA:36,2
DA:49,1
DA:50,1
DA:56,1
DA:57,2
DA:63,2
DA:67,1
DA:70,1
DA:71,2
DA:73,1
DA:74,1
DA:77,3
DA:79,1
DA:82,1
DA:98,1
DA:99,1
DA:102,1
DA:103,2
DA:104,3
DA:109,1
DA:110,1
DA:112,1
LF:29
LH:27
end_of_record
SF:./flutter_module/lib/flutter_module.dart
DA:6,2
LF:1
LH:1
end_of_record
SF:./lib/main.dart
DA:4,0
DA:5,0
DA:10,1
DA:12,1
DA:14,1
DA:28,1
DA:30,1
DA:36,2
DA:49,1
DA:50,1
DA:56,1
DA:57,2
DA:63,2
DA:67,1
DA:70,1
DA:71,2
DA:73,1
DA:74,1
DA:77,3
DA:79,1
DA:82,1
DA:98,1
DA:99,1
DA:102,1
DA:103,2
DA:104,3
DA:109,1
DA:110,1
DA:112,1
LF:29
LH:27
end_of_record
SF:./flutter_module/lib/flutter_module.dart
DA:6,2
LF:1
LH:1
end_of_record
SF:./lib/main.dart
DA:4,0
DA:5,0
DA:10,1
DA:12,1
DA:14,1
DA:28,1
DA:30,1
DA:36,2
DA:49,1
DA:50,1
DA:56,1
DA:57,2
DA:63,2
DA:67,1
DA:70,1
DA:71,2
DA:73,1
DA:74,1
DA:77,3
DA:79,1
DA:82,1
DA:98,1
DA:99,1
DA:102,1
DA:103,2
DA:104,3
DA:109,1
DA:110,1
DA:112,1
LF:29
LH:27
end_of_record
SF:./flutter_module/lib/flutter_module.dart
DA:6,2
LF:1
LH:1
end_of_record
